<?xml version="1.0" encoding="UTF-8"?>
<!-- Generated by org.testng.reporters.JUnitXMLReporter -->
<testsuite ignored="0" hostname="MacBook-Pro-de-Ivan.local" failures="0" tests="5" name="Default test" time="18.062" errors="0" timestamp="2021-11-11T01:43:04 MST">
  <testcase classname="zerobanktestingflows.PurchaseForeignCurrencyBlankAmt" name="purchaseCurrencyBlankAmtTest" time="1.597"/>
  <testcase classname="zerobanktestingflows.PurchaseForeignCurrencyBlankAmt" name="fundTransferTest" time="1.133"/>
  <testcase classname="zerobanktestingflows.PurchaseForeignCurrencyBlankAmt" name="viewStatements" time="3.526"/>
  <testcase classname="zerobanktestingflows.PurchaseForeignCurrencyBlankAmt" name="findTransaction" time="0.936"/>
  <testcase classname="zerobanktestingflows.PurchaseForeignCurrencyBlankAmt" name="logoutTest" time="0.422"/>
</testsuite> <!-- Default test -->
